Performing C SOURCE FILE Test CMAKE_HAVE_LIBC_PTHREAD failed with the following output:
Change Dir: /home/liu/kinova_ws/build/CMakeFiles/CMakeTmp

Run Build Command(s):/usr/bin/make cmTC_05d65/fast && /usr/bin/make -f CMakeFiles/cmTC_05d65.dir/build.make CMakeFiles/cmTC_05d65.dir/build
make[1]: 进入目录“/home/liu/kinova_ws/build/CMakeFiles/CMakeTmp”
Building C object CMakeFiles/cmTC_05d65.dir/src.c.o
/usr/bin/cc   -DCMAKE_HAVE_LIBC_PTHREAD   -o CMakeFiles/cmTC_05d65.dir/src.c.o   -c /home/liu/kinova_ws/build/CMakeFiles/CMakeTmp/src.c
Linking C executable cmTC_05d65
/usr/bin/cmake -E cmake_link_script CMakeFiles/cmTC_05d65.dir/link.txt --verbose=1
/usr/bin/cc  -DCMAKE_HAVE_LIBC_PTHREAD    -rdynamic CMakeFiles/cmTC_05d65.dir/src.c.o  -o cmTC_05d65 
/usr/bin/ld: CMakeFiles/cmTC_05d65.dir/src.c.o: in function `main':
src.c:(.text+0x46): undefined reference to `pthread_create'
/usr/bin/ld: src.c:(.text+0x52): undefined reference to `pthread_detach'
/usr/bin/ld: src.c:(.text+0x63): undefined reference to `pthread_join'
collect2: error: ld returned 1 exit status
make[1]: *** [CMakeFiles/cmTC_05d65.dir/build.make:87：cmTC_05d65] 错误 1
make[1]: 离开目录“/home/liu/kinova_ws/build/CMakeFiles/CMakeTmp”
make: *** [Makefile:121：cmTC_05d65/fast] 错误 2


Source file was:
#include <pthread.h>

void* test_func(void* data)
{
  return data;
}

int main(void)
{
  pthread_t thread;
  pthread_create(&thread, NULL, test_func, NULL);
  pthread_detach(thread);
  pthread_join(thread, NULL);
  pthread_atfork(NULL, NULL, NULL);
  pthread_exit(NULL);

  return 0;
}

Determining if the function pthread_create exists in the pthreads failed with the following output:
Change Dir: /home/liu/kinova_ws/build/CMakeFiles/CMakeTmp

Run Build Command(s):/usr/bin/make cmTC_d0262/fast && /usr/bin/make -f CMakeFiles/cmTC_d0262.dir/build.make CMakeFiles/cmTC_d0262.dir/build
make[1]: 进入目录“/home/liu/kinova_ws/build/CMakeFiles/CMakeTmp”
Building C object CMakeFiles/cmTC_d0262.dir/CheckFunctionExists.c.o
/usr/bin/cc   -DCHECK_FUNCTION_EXISTS=pthread_create   -o CMakeFiles/cmTC_d0262.dir/CheckFunctionExists.c.o   -c /usr/share/cmake-3.16/Modules/CheckFunctionExists.c
Linking C executable cmTC_d0262
/usr/bin/cmake -E cmake_link_script CMakeFiles/cmTC_d0262.dir/link.txt --verbose=1
/usr/bin/cc  -DCHECK_FUNCTION_EXISTS=pthread_create    -rdynamic CMakeFiles/cmTC_d0262.dir/CheckFunctionExists.c.o  -o cmTC_d0262  -lpthreads 
/usr/bin/ld: 找不到 -lpthreads
collect2: error: ld returned 1 exit status
make[1]: *** [CMakeFiles/cmTC_d0262.dir/build.make:87：cmTC_d0262] 错误 1
make[1]: 离开目录“/home/liu/kinova_ws/build/CMakeFiles/CMakeTmp”
make: *** [Makefile:121：cmTC_d0262/fast] 错误 2



Determining if the function sgemm_ exists failed with the following output:
Change Dir: /home/liu/kinova_ws/build/CMakeFiles/CMakeTmp

Run Build Command(s):/usr/bin/make cmTC_88b11/fast && /usr/bin/make -f CMakeFiles/cmTC_88b11.dir/build.make CMakeFiles/cmTC_88b11.dir/build
make[1]: 进入目录“/home/liu/kinova_ws/build/CMakeFiles/CMakeTmp”
Building C object CMakeFiles/cmTC_88b11.dir/CheckFunctionExists.c.o
/usr/bin/cc   -DCHECK_FUNCTION_EXISTS=sgemm_   -o CMakeFiles/cmTC_88b11.dir/CheckFunctionExists.c.o   -c /usr/share/cmake-3.16/Modules/CheckFunctionExists.c
Linking C executable cmTC_88b11
/usr/bin/cmake -E cmake_link_script CMakeFiles/cmTC_88b11.dir/link.txt --verbose=1
/usr/bin/cc  -DCHECK_FUNCTION_EXISTS=sgemm_    -rdynamic CMakeFiles/cmTC_88b11.dir/CheckFunctionExists.c.o  -o cmTC_88b11 
/usr/bin/ld: CMakeFiles/cmTC_88b11.dir/CheckFunctionExists.c.o: in function `main':
CheckFunctionExists.c:(.text+0x14): undefined reference to `sgemm_'
collect2: error: ld returned 1 exit status
make[1]: *** [CMakeFiles/cmTC_88b11.dir/build.make:87：cmTC_88b11] 错误 1
make[1]: 离开目录“/home/liu/kinova_ws/build/CMakeFiles/CMakeTmp”
make: *** [Makefile:121：cmTC_88b11/fast] 错误 2



Determining if the function cheev_ exists failed with the following output:
Change Dir: /home/liu/kinova_ws/build/CMakeFiles/CMakeTmp

Run Build Command(s):/usr/bin/make cmTC_bee3f/fast && /usr/bin/make -f CMakeFiles/cmTC_bee3f.dir/build.make CMakeFiles/cmTC_bee3f.dir/build
make[1]: 进入目录“/home/liu/kinova_ws/build/CMakeFiles/CMakeTmp”
Building C object CMakeFiles/cmTC_bee3f.dir/CheckFunctionExists.c.o
/usr/bin/cc   -DCHECK_FUNCTION_EXISTS=cheev_   -o CMakeFiles/cmTC_bee3f.dir/CheckFunctionExists.c.o   -c /usr/share/cmake-3.16/Modules/CheckFunctionExists.c
Linking C executable cmTC_bee3f
/usr/bin/cmake -E cmake_link_script CMakeFiles/cmTC_bee3f.dir/link.txt --verbose=1
/usr/bin/cc  -DCHECK_FUNCTION_EXISTS=cheev_    -rdynamic CMakeFiles/cmTC_bee3f.dir/CheckFunctionExists.c.o  -o cmTC_bee3f  /usr/lib/x86_64-linux-gnu/libblas.so 
/usr/bin/ld: CMakeFiles/cmTC_bee3f.dir/CheckFunctionExists.c.o: in function `main':
CheckFunctionExists.c:(.text+0x14): undefined reference to `cheev_'
collect2: error: ld returned 1 exit status
make[1]: *** [CMakeFiles/cmTC_bee3f.dir/build.make:88：cmTC_bee3f] 错误 1
make[1]: 离开目录“/home/liu/kinova_ws/build/CMakeFiles/CMakeTmp”
make: *** [Makefile:121：cmTC_bee3f/fast] 错误 2



